生成启动时间为 2018/6/26 0:28:51。
     1>项目“D:\初梦Equinox\Project\C++\DirectMesh\DirectMesh\DirectMesh.vcxproj”在节点 2 上(Rebuild 个目标)。
     1>ClCompile:
         C:\Program Files (x86)\Microsoft Visual Studio 12.0\VC\bin\CL.exe /c /ZI /nologo /W3 /WX- /sdl /Od /Oy- /D WIN32 /D _DEBUG /D _WINDOWS /D _USRDLL /D DIRECTMESH_EXPORTS /D DIRECTGRAPHICS3D_EXPORTS /D _WINDLL /D _UNICODE /D UNICODE /Gm /EHsc /RTC1 /MT /GS /fp:precise /Zc:wchar_t /Zc:forScope /Fo"Debug\\" /Fd"Debug\vc120.pdb" /Gd /TP /analyze- /errorReport:prompt DirectMesh.cpp DirectThreadSafe.cpp
         DirectThreadSafe.cpp
         c:\program files (x86)\microsoft directx sdk (june 2010)\include\dinput.h: DIRECTINPUT_VERSION undefined. Defaulting to version 0x0800
         DirectMesh.cpp
         c:\program files (x86)\microsoft directx sdk (june 2010)\include\dinput.h: DIRECTINPUT_VERSION undefined. Defaulting to version 0x0800
         正在生成代码...
       ResourceCompile:
         C:\Program Files (x86)\Windows Kits\8.1\bin\x86\rc.exe /D _UNICODE /D UNICODE /l"0x0409" /nologo /fo"Debug\DirectMesh.res" DirectMesh.rc 
       Link:
         C:\Program Files (x86)\Microsoft Visual Studio 12.0\VC\bin\link.exe /ERRORREPORT:PROMPT /OUT:"D:\初梦Equinox\Project\C++\DirectMesh\Debug\DirectMesh.dll" /INCREMENTAL /NOLOGO kernel32.lib user32.lib gdi32.lib winspool.lib comdlg32.lib advapi32.lib shell32.lib ole32.lib oleaut32.lib uuid.lib odbc32.lib odbccp32.lib /MANIFEST /MANIFESTUAC:"level='asInvoker' uiAccess='false'" /manifest:embed /DEBUG /PDB:"D:\初梦Equinox\Project\C++\DirectMesh\Debug\DirectMesh.pdb" /SUBSYSTEM:WINDOWS /TLBID:1 /DYNAMICBASE /NXCOMPAT /IMPLIB:"D:\初梦Equinox\Project\C++\DirectMesh\Debug\DirectMesh.lib" /MACHINE:X86 /DLL Debug\DirectMesh.res
         Debug\DirectMesh.obj
         Debug\DirectThreadSafe.obj
            正在创建库 D:\初梦Equinox\Project\C++\DirectMesh\Debug\DirectMesh.lib 和对象 D:\初梦Equinox\Project\C++\DirectMesh\Debug\DirectMesh.exp
         DirectMesh.vcxproj -> D:\初梦Equinox\Project\C++\DirectMesh\Debug\DirectMesh.dll
     1>已完成生成项目“D:\初梦Equinox\Project\C++\DirectMesh\DirectMesh\DirectMesh.vcxproj”(Rebuild 个目标)的操作。

生成成功。

已用时间 00:00:05.59
