e:\hyx\develop\hel\c++\directmesh\directmesh\debug\vc120.pdb
e:\hyx\develop\hel\c++\directmesh\directmesh\debug\vc120.idb
e:\hyx\develop\hel\c++\directmesh\directmesh\debug\directmesh.obj
e:\hyx\develop\hel\c++\directmesh\directmesh\debug\directthreadsafe.obj
e:\hyx\develop\hel\c++\directmesh\debug\directmesh.lib
e:\hyx\develop\hel\c++\directmesh\debug\directmesh.exp
e:\hyx\develop\hel\c++\directmesh\debug\directmesh.ilk
e:\hyx\develop\hel\c++\directmesh\debug\directmesh.dll
e:\hyx\develop\hel\c++\directmesh\debug\directmesh.pdb
e:\hyx\develop\hel\c++\directmesh\directmesh\debug\directmesh.res
e:\hyx\develop\hel\c++\directmesh\directmesh\debug\directmesh.tlog\cl.command.1.tlog
e:\hyx\develop\hel\c++\directmesh\directmesh\debug\directmesh.tlog\cl.read.1.tlog
e:\hyx\develop\hel\c++\directmesh\directmesh\debug\directmesh.tlog\cl.write.1.tlog
e:\hyx\develop\hel\c++\directmesh\directmesh\debug\directmesh.tlog\directmesh.write.1u.tlog
e:\hyx\develop\hel\c++\directmesh\directmesh\debug\directmesh.tlog\link.command.1.tlog
e:\hyx\develop\hel\c++\directmesh\directmesh\debug\directmesh.tlog\link.read.1.tlog
e:\hyx\develop\hel\c++\directmesh\directmesh\debug\directmesh.tlog\link.write.1.tlog
e:\hyx\develop\hel\c++\directmesh\directmesh\debug\directmesh.tlog\rc.command.1.tlog
e:\hyx\develop\hel\c++\directmesh\directmesh\debug\directmesh.tlog\rc.read.1.tlog
e:\hyx\develop\hel\c++\directmesh\directmesh\debug\directmesh.tlog\rc.write.1.tlog
